<?xml version="1.0" encoding="UTF-8"?>
<testng-results ignored="0" total="1" passed="1" failed="0" skipped="0">
  <reporter-output>
  </reporter-output>
  <suite started-at="2021-06-04T15:45:08 IST" name="Default suite" finished-at="2021-06-04T15:45:20 IST" duration-ms="11974">
    <groups>
    </groups>
    <test started-at="2021-06-04T15:45:08 IST" name="Default test" finished-at="2021-06-04T15:45:20 IST" duration-ms="11974">
      <class name="com.ashish.testCases.OpenPageGoogle">
        <test-method signature="test1()[pri:0, instance:com.ashish.testCases.OpenPageGoogle@22e357dc]" started-at="2021-06-04T15:45:08 IST" name="test1" finished-at="2021-06-04T15:45:20 IST" duration-ms="11907" status="PASS">
          <reporter-output>
          </reporter-output>
        </test-method> <!-- test1 -->
      </class> <!-- com.ashish.testCases.OpenPageGoogle -->
    </test> <!-- Default test -->
  </suite> <!-- Default suite -->
</testng-results>
