<?xml version="1.0" encoding="UTF-8"?>
<testng-results ignored="0" total="1" passed="1" failed="0" skipped="0">
  <reporter-output>
  </reporter-output>
  <suite started-at="2021-06-01T23:26:49 IST" name="Default suite" finished-at="2021-06-01T23:26:50 IST" duration-ms="50">
    <groups>
    </groups>
    <test started-at="2021-06-01T23:26:49 IST" name="Default test" finished-at="2021-06-01T23:26:50 IST" duration-ms="50">
      <class name="com.Testng.Example.Demo">
        <test-method signature="work()[pri:0, instance:com.Testng.Example.Demo@2abf4075]" started-at="2021-06-01T23:26:50 IST" name="work" finished-at="2021-06-01T23:26:50 IST" duration-ms="8" status="PASS">
          <reporter-output>
          </reporter-output>
        </test-method> <!-- work -->
      </class> <!-- com.Testng.Example.Demo -->
    </test> <!-- Default test -->
  </suite> <!-- Default suite -->
</testng-results>
